<?xml version="1.0" encoding="UTF-8"?>
<!-- Generated by org.testng.reporters.JUnitReportReporter -->
<testsuite skipped="0" hostname="ankit-PC" name="CompareIphoneXRPriceTest" tests="1" failures="0" timestamp="25 Dec 2019 07:41:54 GMT" time="96.095" errors="0">
  <testcase name="_CompareIphoneXRPriceTest" time="96.095" classname="CompareIphoneXRPriceTest"/>
</testsuite> <!-- CompareIphoneXRPriceTest -->
