<?xml version="1.0" encoding="UTF-8"?>
<!-- Generated by org.testng.reporters.JUnitReportReporter -->
<testsuite skipped="0" hostname="ankit-PC" name="com.dues.Test.TripAdvisorWriteReviewTest" tests="1" failures="0" timestamp="25 Dec 2019 14:31:09 GMT" time="97.126" errors="0">
  <testcase name="_TripAdvisorWriteReviewTest" time="97.126" classname="com.dues.Test.TripAdvisorWriteReviewTest"/>
</testsuite> <!-- com.dues.Test.TripAdvisorWriteReviewTest -->
